This is pdfTeX, Version 3.141592653-2.6-1.40.25 (MiKTeX 23.12) (preloaded format=pdflatex 2024.1.5)  19 JAN 2024 21:35
entering extended mode
 restricted \write18 enabled.
 file:line:error style messages enabled.
 %&-line parsing enabled.
**"d:/Schule/Edu/Sowi/EVA 17.01.2024/EVA 17.01.2024.tex"
(d:/Schule/Edu/Sowi/EVA 17.01.2024/EVA 17.01.2024.tex
LaTeX2e <2023-11-01>
L3 programming layer <2023-12-11>
(D:\Users\janku\AppData\Local\Programs\MiKTeX\tex/latex/base\article.cls
Document Class: article 2023/05/17 v1.4n Standard LaTeX document class
(D:\Users\janku\AppData\Local\Programs\MiKTeX\tex/latex/base\size12.clo
File: size12.clo 2023/05/17 v1.4n Standard LaTeX file (size option)
)
\c@part=\count187
\c@section=\count188
\c@subsection=\count189
\c@subsubsection=\count190
\c@paragraph=\count191
\c@subparagraph=\count192
\c@figure=\count193
\c@table=\count194
\abovecaptionskip=\skip48
\belowcaptionskip=\skip49
\bibindent=\dimen140
) (D:\Users\janku\AppData\Local\Programs\MiKTeX\tex/latex/l3backend\l3backend-pdftex.def
File: l3backend-pdftex.def 2023-11-09 L3 backend support: PDF output (pdfTeX)
\l__color_backend_stack_int=\count195
\l__pdf_internal_box=\box51
) (EVA 17.01.2024.aux)
\openout1 = `"EVA 17.01.2024.aux"'.

LaTeX Font Info:    Checking defaults for OML/cmm/m/it on input line 4.
LaTeX Font Info:    ... okay on input line 4.
LaTeX Font Info:    Checking defaults for OMS/cmsy/m/n on input line 4.
LaTeX Font Info:    ... okay on input line 4.
LaTeX Font Info:    Checking defaults for OT1/cmr/m/n on input line 4.
LaTeX Font Info:    ... okay on input line 4.
LaTeX Font Info:    Checking defaults for T1/cmr/m/n on input line 4.
LaTeX Font Info:    ... okay on input line 4.
LaTeX Font Info:    Checking defaults for TS1/cmr/m/n on input line 4.
LaTeX Font Info:    ... okay on input line 4.
LaTeX Font Info:    Checking defaults for OMX/cmex/m/n on input line 4.
LaTeX Font Info:    ... okay on input line 4.
LaTeX Font Info:    Checking defaults for U/cmr/m/n on input line 4.
LaTeX Font Info:    ... okay on input line 4.
LaTeX Font Info:    External font `cmex10' loaded for size
(Font)              <14.4> on input line 5.
LaTeX Font Info:    External font `cmex10' loaded for size
(Font)              <7> on input line 5.

Overfull \hbox (30.10675pt too wide) in paragraph at lines 14--15
[]\OT1/cmr/m/n/12 Wahrung des Welt-friedens, der In-ter-na-tionalen Sicher-heit und Un-terdr^^?uckung
 []

[1

{C:/Users/janku/AppData/Local/MiKTeX/fonts/map/pdftex/pdftex.map}]
Overfull \hbox (8.50836pt too wide) in paragraph at lines 23--24
[]\OT1/cmr/m/n/12 Alle in-ter-na-tionalen Stre-it-igkeiten wer-den auf friedlichem Wege beigelegt. 
 []


Overfull \hbox (24.04015pt too wide) in paragraph at lines 30--32
[]\OT1/cmr/m/n/12 Handlungsf^^?ahigkeiten der Vere-in-ten Na-tio-nen beschr^^?anken sich auf friedliche
 []

[2] (EVA 17.01.2024.aux)
 ***********
LaTeX2e <2023-11-01>
L3 programming layer <2023-12-11>
 ***********
 ) 
Here is how much of TeX's memory you used:
 458 strings out of 474495
 9102 string characters out of 5743936
 1929460 words of memory out of 5000000
 22810 multiletter control sequences out of 15000+600000
 560829 words of font info for 45 fonts, out of 8000000 for 9000
 1141 hyphenation exceptions out of 8191
 35i,6n,50p,245b,197s stack positions out of 10000i,1000n,20000p,200000b,200000s
 <C:\Users\janku\AppData\Local\MiKTeX\fonts/pk/ljfour/jknappen/ec/dpi600\tcrm1200.pk><D:/Users/janku/AppData/Local/Programs/MiKTeX/fonts/type1/public/amsfonts/cm/cmbx12.pfb><D:/Users/janku/AppData/Local/Programs/MiKTeX/fonts/type1/public/amsfonts/cm/cmr12.pfb><D:/Users/janku/AppData/Local/Programs/MiKTeX/fonts/type1/public/amsfonts/cm/cmr17.pfb>
Output written on "EVA 17.01.2024.pdf" (2 pages, 51126 bytes).
PDF statistics:
 29 PDF objects out of 1000 (max. 8388607)
 0 named destinations out of 1000 (max. 500000)
 1 words of extra memory for PDF output out of 10000 (max. 10000000)

